# Logfile created on 2019-12-05 12:19:28 +0100 by logger.rb/61378
  INFO ---------------------------------------------------------------------------
  INFO START 2019-12-05 12:19:28 +0100 cap production deploy:check
  INFO ---------------------------------------------------------------------------
  INFO [4630a513] Running /usr/bin/env mkdir -p /tmp as ogn@ogn.planeadores.cl
 DEBUG [4630a513] Command: /usr/bin/env mkdir -p /tmp
  INFO [ea036de5] Running /usr/bin/env mkdir -p /tmp as ogn@chileogn.ddns.net
 DEBUG [ea036de5] Command: /usr/bin/env mkdir -p /tmp
  INFO [a0eabb1a] Running /usr/bin/env mkdir -p /tmp as root@glidertracking.fai.org
 DEBUG [a0eabb1a] Command: /usr/bin/env mkdir -p /tmp
  INFO [96da94e6] Running /usr/bin/env mkdir -p /tmp as angel@ogn3.glidernet.org
 DEBUG [96da94e6] Command: /usr/bin/env mkdir -p /tmp
  INFO [a0eabb1a] Finished in 1.775 seconds with exit status 0 (successful).
  INFO [96da94e6] Finished in 1.154 seconds with exit status 0 (successful).
 DEBUG Uploading /tmp/git-ssh-SWiface-production-angel.sh 0.0%
 DEBUG Uploading /tmp/git-ssh-SWiface-production-angel.sh 0.0%
  INFO Uploading /tmp/git-ssh-SWiface-production-angel.sh 100.0%
  INFO Uploading /tmp/git-ssh-SWiface-production-angel.sh 100.0%
  INFO [c8fdbb36] Running /usr/bin/env chmod 700 /tmp/git-ssh-SWiface-production-angel.sh as angel@ogn3.glidernet.org
 DEBUG [c8fdbb36] Command: /usr/bin/env chmod 700 /tmp/git-ssh-SWiface-production-angel.sh
  INFO [5de4b67b] Running /usr/bin/env chmod 700 /tmp/git-ssh-SWiface-production-angel.sh as root@glidertracking.fai.org
 DEBUG [5de4b67b] Command: /usr/bin/env chmod 700 /tmp/git-ssh-SWiface-production-angel.sh
  INFO [c8fdbb36] Finished in 0.103 seconds with exit status 0 (successful).
  INFO [5de4b67b] Finished in 0.164 seconds with exit status 0 (successful).
  INFO [ea036de5] Finished in 3.751 seconds with exit status 0 (successful).
  INFO [4630a513] Finished in 4.301 seconds with exit status 0 (successful).
 DEBUG Uploading /tmp/git-ssh-SWiface-production-angel.sh 0.0%
  INFO Uploading /tmp/git-ssh-SWiface-production-angel.sh 100.0%
 DEBUG Uploading /tmp/git-ssh-SWiface-production-angel.sh 0.0%
  INFO Uploading /tmp/git-ssh-SWiface-production-angel.sh 100.0%
  INFO [d212e851] Running /usr/bin/env chmod 700 /tmp/git-ssh-SWiface-production-angel.sh as ogn@chileogn.ddns.net
 DEBUG [d212e851] Command: /usr/bin/env chmod 700 /tmp/git-ssh-SWiface-production-angel.sh
  INFO [3381cadf] Running /usr/bin/env chmod 700 /tmp/git-ssh-SWiface-production-angel.sh as ogn@ogn.planeadores.cl
 DEBUG [3381cadf] Command: /usr/bin/env chmod 700 /tmp/git-ssh-SWiface-production-angel.sh
  INFO [d212e851] Finished in 0.611 seconds with exit status 0 (successful).
  INFO [3381cadf] Finished in 0.933 seconds with exit status 0 (successful).
  INFO [89e17951] Running /usr/bin/env git ls-remote http://github.com/acasadoalonso/SWiface.git HEAD as ogn@ogn.planeadores.cl
 DEBUG [89e17951] Command: ( export GIT_ASKPASS="/bin/echo" GIT_SSH="/tmp/git-ssh-SWiface-production-angel.sh" ; /usr/bin/env git ls-remote http://github.com/acasadoalonso/SWiface.git HEAD )
  INFO [3bf9fdba] Running /usr/bin/env git ls-remote http://github.com/acasadoalonso/SWiface.git HEAD as ogn@chileogn.ddns.net
 DEBUG [3bf9fdba] Command: ( export GIT_ASKPASS="/bin/echo" GIT_SSH="/tmp/git-ssh-SWiface-production-angel.sh" ; /usr/bin/env git ls-remote http://github.com/acasadoalonso/SWiface.git HEAD )
  INFO [7b657b47] Running /usr/bin/env git ls-remote http://github.com/acasadoalonso/SWiface.git HEAD as root@glidertracking.fai.org
 DEBUG [7b657b47] Command: ( export GIT_ASKPASS="/bin/echo" GIT_SSH="/tmp/git-ssh-SWiface-production-angel.sh" ; /usr/bin/env git ls-remote http://github.com/acasadoalonso/SWiface.git HEAD )
  INFO [d7879531] Running /usr/bin/env git ls-remote http://github.com/acasadoalonso/SWiface.git HEAD as angel@ogn3.glidernet.org
 DEBUG [d7879531] Command: ( export GIT_ASKPASS="/bin/echo" GIT_SSH="/tmp/git-ssh-SWiface-production-angel.sh" ; /usr/bin/env git ls-remote http://github.com/acasadoalonso/SWiface.git HEAD )
 DEBUG [7b657b47] 	warning: redirecting to https://github.com/acasadoalonso/SWiface.git/
 DEBUG [7b657b47] 	d1ab51d2b517c58cb783fcf994bcc75a3ea8fd78	HEAD
  INFO [7b657b47] Finished in 0.821 seconds with exit status 0 (successful).
 DEBUG [d7879531] 	d1ab51d2b517c58cb783fcf994bcc75a3ea8fd78	HEAD
  INFO [d7879531] Finished in 0.821 seconds with exit status 0 (successful).
 DEBUG [3bf9fdba] 	d1ab51d2b517c58cb783fcf994bcc75a3ea8fd78	HEAD
  INFO [3bf9fdba] Finished in 2.170 seconds with exit status 0 (successful).
 DEBUG [89e17951] 	d1ab51d2b517c58cb783fcf994bcc75a3ea8fd78	HEAD
  INFO [89e17951] Finished in 3.292 seconds with exit status 0 (successful).
  INFO [adf27bce] Running /usr/bin/env mkdir -p ~/src/SWsrc/shared ~/src/SWsrc/releases as ogn@ogn.planeadores.cl
 DEBUG [adf27bce] Command: /usr/bin/env mkdir -p ~/src/SWsrc/shared ~/src/SWsrc/releases
  INFO [b7981b38] Running /usr/bin/env mkdir -p ~/src/SWsrc/shared ~/src/SWsrc/releases as root@glidertracking.fai.org
 DEBUG [b7981b38] Command: /usr/bin/env mkdir -p ~/src/SWsrc/shared ~/src/SWsrc/releases
  INFO [0835804b] Running /usr/bin/env mkdir -p ~/src/SWsrc/shared ~/src/SWsrc/releases as angel@ogn3.glidernet.org
 DEBUG [0835804b] Command: /usr/bin/env mkdir -p ~/src/SWsrc/shared ~/src/SWsrc/releases
  INFO [4f7d523c] Running /usr/bin/env mkdir -p ~/src/SWsrc/shared ~/src/SWsrc/releases as ogn@chileogn.ddns.net
 DEBUG [4f7d523c] Command: /usr/bin/env mkdir -p ~/src/SWsrc/shared ~/src/SWsrc/releases
  INFO [0835804b] Finished in 0.072 seconds with exit status 0 (successful).
  INFO [b7981b38] Finished in 0.137 seconds with exit status 0 (successful).
  INFO [4f7d523c] Finished in 0.528 seconds with exit status 0 (successful).
  INFO [adf27bce] Finished in 0.774 seconds with exit status 0 (successful).
  INFO ---------------------------------------------------------------------------
  INFO START 2019-12-05 12:21:42 +0100 cap production deploy:check
  INFO ---------------------------------------------------------------------------
  INFO [29ead2f8] Running /usr/bin/env mkdir -p /tmp as ogn@ogn.planeadores.cl
 DEBUG [29ead2f8] Command: /usr/bin/env mkdir -p /tmp
  INFO [e5fa59cd] Running /usr/bin/env mkdir -p /tmp as root@glidertracking.fai.org
 DEBUG [e5fa59cd] Command: /usr/bin/env mkdir -p /tmp
  INFO [e116120e] Running /usr/bin/env mkdir -p /tmp as angel@ubuntu2
 DEBUG [e116120e] Command: /usr/bin/env mkdir -p /tmp
  INFO [6daaab1c] Running /usr/bin/env mkdir -p /tmp as angel@ogn3.glidernet.org
 DEBUG [6daaab1c] Command: /usr/bin/env mkdir -p /tmp
  INFO [04772cb1] Running /usr/bin/env mkdir -p /tmp as ogn@chileogn.ddns.net
 DEBUG [04772cb1] Command: /usr/bin/env mkdir -p /tmp
  INFO [e116120e] Finished in 0.651 seconds with exit status 0 (successful).
 DEBUG Uploading /tmp/git-ssh-SWiface-production-angel.sh 0.0%
  INFO [6daaab1c] Finished in 0.922 seconds with exit status 0 (successful).
  INFO Uploading /tmp/git-ssh-SWiface-production-angel.sh 100.0%
  INFO [e5fa59cd] Finished in 1.030 seconds with exit status 0 (successful).
  INFO [afbf9776] Running /usr/bin/env chmod 700 /tmp/git-ssh-SWiface-production-angel.sh as angel@ubuntu2
 DEBUG [afbf9776] Command: /usr/bin/env chmod 700 /tmp/git-ssh-SWiface-production-angel.sh
 DEBUG Uploading /tmp/git-ssh-SWiface-production-angel.sh 0.0%
  INFO [afbf9776] Finished in 0.012 seconds with exit status 0 (successful).
  INFO Uploading /tmp/git-ssh-SWiface-production-angel.sh 100.0%
 DEBUG Uploading /tmp/git-ssh-SWiface-production-angel.sh 0.0%
  INFO Uploading /tmp/git-ssh-SWiface-production-angel.sh 100.0%
  INFO [4d73adde] Running /usr/bin/env chmod 700 /tmp/git-ssh-SWiface-production-angel.sh as angel@ogn3.glidernet.org
 DEBUG [4d73adde] Command: /usr/bin/env chmod 700 /tmp/git-ssh-SWiface-production-angel.sh
  INFO [4d630651] Running /usr/bin/env chmod 700 /tmp/git-ssh-SWiface-production-angel.sh as root@glidertracking.fai.org
 DEBUG [4d630651] Command: /usr/bin/env chmod 700 /tmp/git-ssh-SWiface-production-angel.sh
  INFO [4d73adde] Finished in 0.064 seconds with exit status 0 (successful).
  INFO [4d630651] Finished in 0.142 seconds with exit status 0 (successful).
  INFO [29ead2f8] Finished in 3.361 seconds with exit status 0 (successful).
  INFO [04772cb1] Finished in 3.543 seconds with exit status 0 (successful).
 DEBUG Uploading /tmp/git-ssh-SWiface-production-angel.sh 0.0%
  INFO Uploading /tmp/git-ssh-SWiface-production-angel.sh 100.0%
 DEBUG Uploading /tmp/git-ssh-SWiface-production-angel.sh 0.0%
  INFO Uploading /tmp/git-ssh-SWiface-production-angel.sh 100.0%
  INFO [ef321309] Running /usr/bin/env chmod 700 /tmp/git-ssh-SWiface-production-angel.sh as ogn@ogn.planeadores.cl
 DEBUG [ef321309] Command: /usr/bin/env chmod 700 /tmp/git-ssh-SWiface-production-angel.sh
  INFO [21a53330] Running /usr/bin/env chmod 700 /tmp/git-ssh-SWiface-production-angel.sh as ogn@chileogn.ddns.net
 DEBUG [21a53330] Command: /usr/bin/env chmod 700 /tmp/git-ssh-SWiface-production-angel.sh
  INFO [ef321309] Finished in 0.653 seconds with exit status 0 (successful).
  INFO [21a53330] Finished in 0.810 seconds with exit status 0 (successful).
  INFO [99ad0605] Running /usr/bin/env git ls-remote http://github.com/acasadoalonso/SWiface.git HEAD as ogn@ogn.planeadores.cl
 DEBUG [99ad0605] Command: ( export GIT_ASKPASS="/bin/echo" GIT_SSH="/tmp/git-ssh-SWiface-production-angel.sh" ; /usr/bin/env git ls-remote http://github.com/acasadoalonso/SWiface.git HEAD )
  INFO [4abba86b] Running /usr/bin/env git ls-remote http://github.com/acasadoalonso/SWiface.git HEAD as ogn@chileogn.ddns.net
 DEBUG [4abba86b] Command: ( export GIT_ASKPASS="/bin/echo" GIT_SSH="/tmp/git-ssh-SWiface-production-angel.sh" ; /usr/bin/env git ls-remote http://github.com/acasadoalonso/SWiface.git HEAD )
  INFO [a7a8ab03] Running /usr/bin/env git ls-remote http://github.com/acasadoalonso/SWiface.git HEAD as root@glidertracking.fai.org
 DEBUG [a7a8ab03] Command: ( export GIT_ASKPASS="/bin/echo" GIT_SSH="/tmp/git-ssh-SWiface-production-angel.sh" ; /usr/bin/env git ls-remote http://github.com/acasadoalonso/SWiface.git HEAD )
  INFO [642a72de] Running /usr/bin/env git ls-remote http://github.com/acasadoalonso/SWiface.git HEAD as angel@ubuntu2
 DEBUG [642a72de] Command: ( export GIT_ASKPASS="/bin/echo" GIT_SSH="/tmp/git-ssh-SWiface-production-angel.sh" ; /usr/bin/env git ls-remote http://github.com/acasadoalonso/SWiface.git HEAD )
  INFO [ab9db4db] Running /usr/bin/env git ls-remote http://github.com/acasadoalonso/SWiface.git HEAD as angel@ogn3.glidernet.org
 DEBUG [ab9db4db] Command: ( export GIT_ASKPASS="/bin/echo" GIT_SSH="/tmp/git-ssh-SWiface-production-angel.sh" ; /usr/bin/env git ls-remote http://github.com/acasadoalonso/SWiface.git HEAD )
 DEBUG [a7a8ab03] 	warning: redirecting to https://github.com/acasadoalonso/SWiface.git/
 DEBUG [a7a8ab03] 	d1ab51d2b517c58cb783fcf994bcc75a3ea8fd78	HEAD
  INFO [a7a8ab03] Finished in 0.657 seconds with exit status 0 (successful).
 DEBUG [ab9db4db] 	d1ab51d2b517c58cb783fcf994bcc75a3ea8fd78	HEAD
  INFO [ab9db4db] Finished in 0.772 seconds with exit status 0 (successful).
 DEBUG [642a72de] 	warning: redirecting to https://github.com/acasadoalonso/SWiface.git/
 DEBUG [642a72de] 	d1ab51d2b517c58cb783fcf994bcc75a3ea8fd78	HEAD
  INFO [642a72de] Finished in 0.951 seconds with exit status 0 (successful).
 DEBUG [4abba86b] 	d1ab51d2b517c58cb783fcf994bcc75a3ea8fd78	HEAD
  INFO [4abba86b] Finished in 2.052 seconds with exit status 0 (successful).
 DEBUG [99ad0605] 	d1ab51d2b517c58cb783fcf994bcc75a3ea8fd78	HEAD
  INFO [99ad0605] Finished in 2.815 seconds with exit status 0 (successful).
  INFO [f1731229] Running /usr/bin/env mkdir -p ~/src/SWsrc/shared ~/src/SWsrc/releases as angel@ubuntu2
 DEBUG [f1731229] Command: /usr/bin/env mkdir -p ~/src/SWsrc/shared ~/src/SWsrc/releases
  INFO [5ea4d143] Running /usr/bin/env mkdir -p ~/src/SWsrc/shared ~/src/SWsrc/releases as angel@ogn3.glidernet.org
 DEBUG [5ea4d143] Command: /usr/bin/env mkdir -p ~/src/SWsrc/shared ~/src/SWsrc/releases
  INFO [04f25a23] Running /usr/bin/env mkdir -p ~/src/SWsrc/shared ~/src/SWsrc/releases as ogn@ogn.planeadores.cl
 DEBUG [04f25a23] Command: /usr/bin/env mkdir -p ~/src/SWsrc/shared ~/src/SWsrc/releases
  INFO [c79c540f] Running /usr/bin/env mkdir -p ~/src/SWsrc/shared ~/src/SWsrc/releases as root@glidertracking.fai.org
 DEBUG [c79c540f] Command: /usr/bin/env mkdir -p ~/src/SWsrc/shared ~/src/SWsrc/releases
  INFO [b283ec88] Running /usr/bin/env mkdir -p ~/src/SWsrc/shared ~/src/SWsrc/releases as ogn@chileogn.ddns.net
 DEBUG [b283ec88] Command: /usr/bin/env mkdir -p ~/src/SWsrc/shared ~/src/SWsrc/releases
  INFO [5ea4d143] Finished in 0.115 seconds with exit status 0 (successful).
  INFO [f1731229] Finished in 0.080 seconds with exit status 0 (successful).
  INFO [c79c540f] Finished in 0.112 seconds with exit status 0 (successful).
  INFO [b283ec88] Finished in 0.520 seconds with exit status 0 (successful).
  INFO [04f25a23] Finished in 0.691 seconds with exit status 0 (successful).
  INFO ---------------------------------------------------------------------------
  INFO START 2019-12-05 12:38:37 +0100 cap production deploy:check
  INFO ---------------------------------------------------------------------------
  INFO [385620d8] Running /usr/bin/env mkdir -p /tmp as ogn@ogn.planeadores.cl
 DEBUG [385620d8] Command: /usr/bin/env mkdir -p /tmp
  INFO [8523139d] Running /usr/bin/env mkdir -p /tmp as angel@ubuntu2
 DEBUG [8523139d] Command: /usr/bin/env mkdir -p /tmp
  INFO [3fa6ef3d] Running /usr/bin/env mkdir -p /tmp as vagrant@SWiface
 DEBUG [3fa6ef3d] Command: /usr/bin/env mkdir -p /tmp
  INFO [cf1dcabc] Running /usr/bin/env mkdir -p /tmp as root@glidertracking.fai.org
 DEBUG [cf1dcabc] Command: /usr/bin/env mkdir -p /tmp
  INFO [1f38a907] Running /usr/bin/env mkdir -p /tmp as angel@ogn3.glidernet.org
 DEBUG [1f38a907] Command: /usr/bin/env mkdir -p /tmp
  INFO [37a74dc0] Running /usr/bin/env mkdir -p /tmp as angel@ec2-34-252-229-122.eu-west-1.compute.amazonaws.com
 DEBUG [37a74dc0] Command: /usr/bin/env mkdir -p /tmp
  INFO [7833be8c] Running /usr/bin/env mkdir -p /tmp as ogn@chileogn.ddns.net
 DEBUG [7833be8c] Command: /usr/bin/env mkdir -p /tmp
  INFO [cf1dcabc] Finished in 1.302 seconds with exit status 0 (successful).
  INFO [8523139d] Finished in 1.766 seconds with exit status 0 (successful).
 DEBUG Uploading /tmp/git-ssh-SWiface-production-angel.sh 0.0%
  INFO [1f38a907] Finished in 1.471 seconds with exit status 0 (successful).
  INFO Uploading /tmp/git-ssh-SWiface-production-angel.sh 100.0%
 DEBUG Uploading /tmp/git-ssh-SWiface-production-angel.sh 0.0%
  INFO [c980a691] Running /usr/bin/env chmod 700 /tmp/git-ssh-SWiface-production-angel.sh as angel@ubuntu2
 DEBUG [c980a691] Command: /usr/bin/env chmod 700 /tmp/git-ssh-SWiface-production-angel.sh
  INFO [c980a691] Finished in 0.008 seconds with exit status 0 (successful).
 DEBUG Uploading /tmp/git-ssh-SWiface-production-angel.sh 0.0%
  INFO Uploading /tmp/git-ssh-SWiface-production-angel.sh 100.0%
  INFO Uploading /tmp/git-ssh-SWiface-production-angel.sh 100.0%
  INFO [7548f66b] Running /usr/bin/env chmod 700 /tmp/git-ssh-SWiface-production-angel.sh as angel@ogn3.glidernet.org
 DEBUG [7548f66b] Command: /usr/bin/env chmod 700 /tmp/git-ssh-SWiface-production-angel.sh
  INFO [657b4801] Running /usr/bin/env chmod 700 /tmp/git-ssh-SWiface-production-angel.sh as root@glidertracking.fai.org
 DEBUG [657b4801] Command: /usr/bin/env chmod 700 /tmp/git-ssh-SWiface-production-angel.sh
  INFO [7548f66b] Finished in 0.098 seconds with exit status 0 (successful).
  INFO [657b4801] Finished in 0.153 seconds with exit status 0 (successful).
  INFO [37a74dc0] Finished in 2.384 seconds with exit status 0 (successful).
 DEBUG Uploading /tmp/git-ssh-SWiface-production-angel.sh 0.0%
  INFO Uploading /tmp/git-ssh-SWiface-production-angel.sh 100.0%
  INFO [8d001baf] Running /usr/bin/env chmod 700 /tmp/git-ssh-SWiface-production-angel.sh as angel@ec2-34-252-229-122.eu-west-1.compute.amazonaws.com
 DEBUG [8d001baf] Command: /usr/bin/env chmod 700 /tmp/git-ssh-SWiface-production-angel.sh
  INFO [8d001baf] Finished in 0.130 seconds with exit status 0 (successful).
  INFO [7833be8c] Finished in 3.323 seconds with exit status 0 (successful).
  INFO [385620d8] Finished in 4.303 seconds with exit status 0 (successful).
 DEBUG Uploading /tmp/git-ssh-SWiface-production-angel.sh 0.0%
 DEBUG Uploading /tmp/git-ssh-SWiface-production-angel.sh 0.0%
  INFO Uploading /tmp/git-ssh-SWiface-production-angel.sh 100.0%
  INFO Uploading /tmp/git-ssh-SWiface-production-angel.sh 100.0%
  INFO [125938a5] Running /usr/bin/env chmod 700 /tmp/git-ssh-SWiface-production-angel.sh as ogn@ogn.planeadores.cl
 DEBUG [125938a5] Command: /usr/bin/env chmod 700 /tmp/git-ssh-SWiface-production-angel.sh
  INFO [1d388a68] Running /usr/bin/env chmod 700 /tmp/git-ssh-SWiface-production-angel.sh as ogn@chileogn.ddns.net
 DEBUG [1d388a68] Command: /usr/bin/env chmod 700 /tmp/git-ssh-SWiface-production-angel.sh
  INFO [125938a5] Finished in 0.485 seconds with exit status 0 (successful).
  INFO ---------------------------------------------------------------------------
  INFO START 2019-12-05 12:44:53 +0100 cap production deploy:check
  INFO ---------------------------------------------------------------------------
  INFO [96971ea3] Running /usr/bin/env mkdir -p /tmp as ogn@ogn.planeadores.cl
 DEBUG [96971ea3] Command: /usr/bin/env mkdir -p /tmp
  INFO [c6ffb11f] Running /usr/bin/env mkdir -p /tmp as angel@ubuntu2
 DEBUG [c6ffb11f] Command: /usr/bin/env mkdir -p /tmp
  INFO [8793d8a2] Running /usr/bin/env mkdir -p /tmp as vagrant@SWiface
 DEBUG [8793d8a2] Command: /usr/bin/env mkdir -p /tmp
  INFO [e5abd0a4] Running /usr/bin/env mkdir -p /tmp as root@glidertracking.fai.org
 DEBUG [e5abd0a4] Command: /usr/bin/env mkdir -p /tmp
  INFO [2b1a9d11] Running /usr/bin/env mkdir -p /tmp as angel@ec2-34-252-229-122.eu-west-1.compute.amazonaws.com
 DEBUG [2b1a9d11] Command: /usr/bin/env mkdir -p /tmp
  INFO [bfd186eb] Running /usr/bin/env mkdir -p /tmp as ogn@chileogn.ddns.net
 DEBUG [bfd186eb] Command: /usr/bin/env mkdir -p /tmp
  INFO [cb046a14] Running /usr/bin/env mkdir -p /tmp as angel@ogn3.glidernet.org
 DEBUG [cb046a14] Command: /usr/bin/env mkdir -p /tmp
  INFO [c6ffb11f] Finished in 1.694 seconds with exit status 0 (successful).
 DEBUG Uploading /tmp/git-ssh-SWiface-production-angel.sh 0.0%
  INFO Uploading /tmp/git-ssh-SWiface-production-angel.sh 100.0%
  INFO [932df7a7] Running /usr/bin/env chmod 700 /tmp/git-ssh-SWiface-production-angel.sh as angel@ubuntu2
 DEBUG [932df7a7] Command: /usr/bin/env chmod 700 /tmp/git-ssh-SWiface-production-angel.sh
  INFO [932df7a7] Finished in 0.009 seconds with exit status 0 (successful).
  INFO [e5abd0a4] Finished in 2.366 seconds with exit status 0 (successful).
 DEBUG Uploading /tmp/git-ssh-SWiface-production-angel.sh 0.0%
  INFO Uploading /tmp/git-ssh-SWiface-production-angel.sh 100.0%
  INFO [1946426b] Running /usr/bin/env chmod 700 /tmp/git-ssh-SWiface-production-angel.sh as root@glidertracking.fai.org
 DEBUG [1946426b] Command: /usr/bin/env chmod 700 /tmp/git-ssh-SWiface-production-angel.sh
  INFO [cb046a14] Finished in 1.554 seconds with exit status 0 (successful).
  INFO [2b1a9d11] Finished in 2.763 seconds with exit status 0 (successful).
 DEBUG Uploading /tmp/git-ssh-SWiface-production-angel.sh 0.0%
  INFO [1946426b] Finished in 0.154 seconds with exit status 0 (successful).
  INFO Uploading /tmp/git-ssh-SWiface-production-angel.sh 100.0%
 DEBUG Uploading /tmp/git-ssh-SWiface-production-angel.sh 0.0%
  INFO [0a874cb1] Running /usr/bin/env chmod 700 /tmp/git-ssh-SWiface-production-angel.sh as angel@ogn3.glidernet.org
 DEBUG [0a874cb1] Command: /usr/bin/env chmod 700 /tmp/git-ssh-SWiface-production-angel.sh
  INFO Uploading /tmp/git-ssh-SWiface-production-angel.sh 100.0%
  INFO [0a874cb1] Finished in 0.114 seconds with exit status 0 (successful).
  INFO [add989bf] Running /usr/bin/env chmod 700 /tmp/git-ssh-SWiface-production-angel.sh as angel@ec2-34-252-229-122.eu-west-1.compute.amazonaws.com
 DEBUG [add989bf] Command: /usr/bin/env chmod 700 /tmp/git-ssh-SWiface-production-angel.sh
  INFO [add989bf] Finished in 0.138 seconds with exit status 0 (successful).
  INFO [96971ea3] Finished in 4.114 seconds with exit status 0 (successful).
  INFO [bfd186eb] Finished in 3.822 seconds with exit status 0 (successful).
 DEBUG Uploading /tmp/git-ssh-SWiface-production-angel.sh 0.0%
  INFO Uploading /tmp/git-ssh-SWiface-production-angel.sh 100.0%
 DEBUG Uploading /tmp/git-ssh-SWiface-production-angel.sh 0.0%
  INFO Uploading /tmp/git-ssh-SWiface-production-angel.sh 100.0%
  INFO [835fb680] Running /usr/bin/env chmod 700 /tmp/git-ssh-SWiface-production-angel.sh as ogn@ogn.planeadores.cl
 DEBUG [835fb680] Command: /usr/bin/env chmod 700 /tmp/git-ssh-SWiface-production-angel.sh
  INFO [08558470] Running /usr/bin/env chmod 700 /tmp/git-ssh-SWiface-production-angel.sh as ogn@chileogn.ddns.net
 DEBUG [08558470] Command: /usr/bin/env chmod 700 /tmp/git-ssh-SWiface-production-angel.sh
  INFO [835fb680] Finished in 0.480 seconds with exit status 0 (successful).
  INFO ---------------------------------------------------------------------------
  INFO START 2019-12-05 12:46:42 +0100 cap production deploy:check
  INFO ---------------------------------------------------------------------------
  INFO [f3b34aec] Running /usr/bin/env mkdir -p /tmp as ogn@ogn.planeadores.cl
 DEBUG [f3b34aec] Command: /usr/bin/env mkdir -p /tmp
  INFO [40ae1d42] Running /usr/bin/env mkdir -p /tmp as angel@ubuntu2
 DEBUG [40ae1d42] Command: /usr/bin/env mkdir -p /tmp
  INFO [1a2ca997] Running /usr/bin/env mkdir -p /tmp as vagrant@SWiface
 DEBUG [1a2ca997] Command: /usr/bin/env mkdir -p /tmp
  INFO [5f91438d] Running /usr/bin/env mkdir -p /tmp as root@glidertracking.fai.org
 DEBUG [5f91438d] Command: /usr/bin/env mkdir -p /tmp
  INFO [7f9ff31e] Running /usr/bin/env mkdir -p /tmp as angel@ec2-34-252-229-122.eu-west-1.compute.amazonaws.com
 DEBUG [7f9ff31e] Command: /usr/bin/env mkdir -p /tmp
  INFO [60f34560] Running /usr/bin/env mkdir -p /tmp as angel@ogn3.glidernet.org
 DEBUG [60f34560] Command: /usr/bin/env mkdir -p /tmp
  INFO [79ca1686] Running /usr/bin/env mkdir -p /tmp as ogn@chileogn.ddns.net
 DEBUG [79ca1686] Command: /usr/bin/env mkdir -p /tmp
  INFO [40ae1d42] Finished in 0.915 seconds with exit status 0 (successful).
 DEBUG Uploading /tmp/git-ssh-SWiface-production-angel.sh 0.0%
  INFO Uploading /tmp/git-ssh-SWiface-production-angel.sh 100.0%
  INFO [1a2ca997] Finished in 1.119 seconds with exit status 0 (successful).
  INFO [b503c0e3] Running /usr/bin/env chmod 700 /tmp/git-ssh-SWiface-production-angel.sh as angel@ubuntu2
 DEBUG [b503c0e3] Command: /usr/bin/env chmod 700 /tmp/git-ssh-SWiface-production-angel.sh
 DEBUG Uploading /tmp/git-ssh-SWiface-production-angel.sh 0.0%
  INFO [5f91438d] Finished in 1.146 seconds with exit status 0 (successful).
  INFO Uploading /tmp/git-ssh-SWiface-production-angel.sh 100.0%
  INFO [b503c0e3] Finished in 0.080 seconds with exit status 0 (successful).
  INFO [0c12ede4] Running /usr/bin/env chmod 700 /tmp/git-ssh-SWiface-production-angel.sh as vagrant@SWiface
 DEBUG [0c12ede4] Command: /usr/bin/env chmod 700 /tmp/git-ssh-SWiface-production-angel.sh
 DEBUG Uploading /tmp/git-ssh-SWiface-production-angel.sh 0.0%
  INFO [0c12ede4] Finished in 0.048 seconds with exit status 0 (successful).
  INFO Uploading /tmp/git-ssh-SWiface-production-angel.sh 100.0%
  INFO [60f34560] Finished in 1.527 seconds with exit status 0 (successful).
  INFO [08f952e5] Running /usr/bin/env chmod 700 /tmp/git-ssh-SWiface-production-angel.sh as root@glidertracking.fai.org
 DEBUG [08f952e5] Command: /usr/bin/env chmod 700 /tmp/git-ssh-SWiface-production-angel.sh
  INFO [7f9ff31e] Finished in 1.841 seconds with exit status 0 (successful).
 DEBUG Uploading /tmp/git-ssh-SWiface-production-angel.sh 0.0%
  INFO Uploading /tmp/git-ssh-SWiface-production-angel.sh 100.0%
 DEBUG Uploading /tmp/git-ssh-SWiface-production-angel.sh 0.0%
  INFO [08f952e5] Finished in 0.479 seconds with exit status 0 (successful).
  INFO Uploading /tmp/git-ssh-SWiface-production-angel.sh 100.0%
  INFO [51974bb3] Running /usr/bin/env chmod 700 /tmp/git-ssh-SWiface-production-angel.sh as angel@ogn3.glidernet.org
 DEBUG [51974bb3] Command: /usr/bin/env chmod 700 /tmp/git-ssh-SWiface-production-angel.sh
  INFO [5b03d07e] Running /usr/bin/env chmod 700 /tmp/git-ssh-SWiface-production-angel.sh as angel@ec2-34-252-229-122.eu-west-1.compute.amazonaws.com
 DEBUG [5b03d07e] Command: /usr/bin/env chmod 700 /tmp/git-ssh-SWiface-production-angel.sh
  INFO [51974bb3] Finished in 0.163 seconds with exit status 0 (successful).
  INFO [5b03d07e] Finished in 0.099 seconds with exit status 0 (successful).
  INFO [f3b34aec] Finished in 3.445 seconds with exit status 0 (successful).
 DEBUG Uploading /tmp/git-ssh-SWiface-production-angel.sh 0.0%
  INFO [79ca1686] Finished in 3.521 seconds with exit status 0 (successful).
  INFO Uploading /tmp/git-ssh-SWiface-production-angel.sh 100.0%
 DEBUG Uploading /tmp/git-ssh-SWiface-production-angel.sh 0.0%
  INFO [499136d8] Running /usr/bin/env chmod 700 /tmp/git-ssh-SWiface-production-angel.sh as ogn@ogn.planeadores.cl
 DEBUG [499136d8] Command: /usr/bin/env chmod 700 /tmp/git-ssh-SWiface-production-angel.sh
  INFO Uploading /tmp/git-ssh-SWiface-production-angel.sh 100.0%
  INFO [499136d8] Finished in 0.722 seconds with exit status 0 (successful).
  INFO [22b4f822] Running /usr/bin/env chmod 700 /tmp/git-ssh-SWiface-production-angel.sh as ogn@chileogn.ddns.net
 DEBUG [22b4f822] Command: /usr/bin/env chmod 700 /tmp/git-ssh-SWiface-production-angel.sh
  INFO [22b4f822] Finished in 0.777 seconds with exit status 0 (successful).
  INFO [33bbe06a] Running /usr/bin/env git ls-remote http://github.com/acasadoalonso/SWiface.git HEAD as ogn@ogn.planeadores.cl
 DEBUG [33bbe06a] Command: ( export GIT_ASKPASS="/bin/echo" GIT_SSH="/tmp/git-ssh-SWiface-production-angel.sh" ; /usr/bin/env git ls-remote http://github.com/acasadoalonso/SWiface.git HEAD )
  INFO [554f3fb0] Running /usr/bin/env git ls-remote http://github.com/acasadoalonso/SWiface.git HEAD as angel@ec2-34-252-229-122.eu-west-1.compute.amazonaws.com
 DEBUG [554f3fb0] Command: ( export GIT_ASKPASS="/bin/echo" GIT_SSH="/tmp/git-ssh-SWiface-production-angel.sh" ; /usr/bin/env git ls-remote http://github.com/acasadoalonso/SWiface.git HEAD )
  INFO [75486e37] Running /usr/bin/env git ls-remote http://github.com/acasadoalonso/SWiface.git HEAD as angel@ubuntu2
 DEBUG [75486e37] Command: ( export GIT_ASKPASS="/bin/echo" GIT_SSH="/tmp/git-ssh-SWiface-production-angel.sh" ; /usr/bin/env git ls-remote http://github.com/acasadoalonso/SWiface.git HEAD )
  INFO [1008f3cc] Running /usr/bin/env git ls-remote http://github.com/acasadoalonso/SWiface.git HEAD as root@glidertracking.fai.org
 DEBUG [1008f3cc] Command: ( export GIT_ASKPASS="/bin/echo" GIT_SSH="/tmp/git-ssh-SWiface-production-angel.sh" ; /usr/bin/env git ls-remote http://github.com/acasadoalonso/SWiface.git HEAD )
  INFO [a664de20] Running /usr/bin/env git ls-remote http://github.com/acasadoalonso/SWiface.git HEAD as vagrant@SWiface
 DEBUG [a664de20] Command: ( export GIT_ASKPASS="/bin/echo" GIT_SSH="/tmp/git-ssh-SWiface-production-angel.sh" ; /usr/bin/env git ls-remote http://github.com/acasadoalonso/SWiface.git HEAD )
  INFO [2349ae34] Running /usr/bin/env git ls-remote http://github.com/acasadoalonso/SWiface.git HEAD as ogn@chileogn.ddns.net
 DEBUG [2349ae34] Command: ( export GIT_ASKPASS="/bin/echo" GIT_SSH="/tmp/git-ssh-SWiface-production-angel.sh" ; /usr/bin/env git ls-remote http://github.com/acasadoalonso/SWiface.git HEAD )
  INFO [bc581c8d] Running /usr/bin/env git ls-remote http://github.com/acasadoalonso/SWiface.git HEAD as angel@ogn3.glidernet.org
 DEBUG [bc581c8d] Command: ( export GIT_ASKPASS="/bin/echo" GIT_SSH="/tmp/git-ssh-SWiface-production-angel.sh" ; /usr/bin/env git ls-remote http://github.com/acasadoalonso/SWiface.git HEAD )
 DEBUG [1008f3cc] 	warning: redirecting to https://github.com/acasadoalonso/SWiface.git/
 DEBUG [1008f3cc] 	d1ab51d2b517c58cb783fcf994bcc75a3ea8fd78	HEAD
 DEBUG [75486e37] 	warning: redirecting to https://github.com/acasadoalonso/SWiface.git/
 DEBUG [75486e37] 	d1ab51d2b517c58cb783fcf994bcc75a3ea8fd78	HEAD
 DEBUG [a664de20] 	d1ab51d2b517c58cb783fcf994bcc75a3ea8fd78	HEAD
  INFO [75486e37] Finished in 0.909 seconds with exit status 0 (successful).
  INFO [1008f3cc] Finished in 0.777 seconds with exit status 0 (successful).
 DEBUG [554f3fb0] 	warning: redirecting to https://github.com/acasadoalonso/SWiface.git/
  INFO [a664de20] Finished in 0.820 seconds with exit status 0 (successful).
 DEBUG [554f3fb0] 	d1ab51d2b517c58cb783fcf994bcc75a3ea8fd78	HEAD
  INFO [554f3fb0] Finished in 1.161 seconds with exit status 0 (successful).
 DEBUG [bc581c8d] 	d1ab51d2b517c58cb783fcf994bcc75a3ea8fd78	HEAD
  INFO [bc581c8d] Finished in 1.456 seconds with exit status 0 (successful).
 DEBUG [2349ae34] 	d1ab51d2b517c58cb783fcf994bcc75a3ea8fd78	HEAD
  INFO [2349ae34] Finished in 2.190 seconds with exit status 0 (successful).
 DEBUG [33bbe06a] 	d1ab51d2b517c58cb783fcf994bcc75a3ea8fd78	HEAD
  INFO [33bbe06a] Finished in 3.199 seconds with exit status 0 (successful).
  INFO [8b6012c7] Running /usr/bin/env mkdir -p ~/src/SWsrc/shared ~/src/SWsrc/releases as ogn@ogn.planeadores.cl
 DEBUG [8b6012c7] Command: /usr/bin/env mkdir -p ~/src/SWsrc/shared ~/src/SWsrc/releases
  INFO [8c42c29d] Running /usr/bin/env mkdir -p ~/src/SWsrc/shared ~/src/SWsrc/releases as angel@ubuntu2
 DEBUG [8c42c29d] Command: /usr/bin/env mkdir -p ~/src/SWsrc/shared ~/src/SWsrc/releases
  INFO [7cca5cbc] Running /usr/bin/env mkdir -p ~/src/SWsrc/shared ~/src/SWsrc/releases as ogn@chileogn.ddns.net
 DEBUG [7cca5cbc] Command: /usr/bin/env mkdir -p ~/src/SWsrc/shared ~/src/SWsrc/releases
  INFO [69151e49] Running /usr/bin/env mkdir -p ~/src/SWsrc/shared ~/src/SWsrc/releases as root@glidertracking.fai.org
 DEBUG [69151e49] Command: /usr/bin/env mkdir -p ~/src/SWsrc/shared ~/src/SWsrc/releases
  INFO [cef39e70] Running /usr/bin/env mkdir -p ~/src/SWsrc/shared ~/src/SWsrc/releases as angel@ogn3.glidernet.org
 DEBUG [cef39e70] Command: /usr/bin/env mkdir -p ~/src/SWsrc/shared ~/src/SWsrc/releases
  INFO [8c42c29d] Finished in 0.277 seconds with exit status 0 (successful).
  INFO [ccde79fb] Running /usr/bin/env mkdir -p ~/src/SWsrc/shared ~/src/SWsrc/releases as vagrant@SWiface
 DEBUG [ccde79fb] Command: /usr/bin/env mkdir -p ~/src/SWsrc/shared ~/src/SWsrc/releases
  INFO [87a71455] Running /usr/bin/env mkdir -p ~/src/SWsrc/shared ~/src/SWsrc/releases as angel@ec2-34-252-229-122.eu-west-1.compute.amazonaws.com
 DEBUG [87a71455] Command: /usr/bin/env mkdir -p ~/src/SWsrc/shared ~/src/SWsrc/releases
  INFO [69151e49] Finished in 0.129 seconds with exit status 0 (successful).
  INFO [cef39e70] Finished in 0.159 seconds with exit status 0 (successful).
  INFO [ccde79fb] Finished in 0.103 seconds with exit status 0 (successful).
  INFO [87a71455] Finished in 0.115 seconds with exit status 0 (successful).
  INFO [8b6012c7] Finished in 0.693 seconds with exit status 0 (successful).
  INFO [7cca5cbc] Finished in 0.726 seconds with exit status 0 (successful).
